[INFO] Scanning for projects...
[INFO] 
[INFO] -----------------------< org.example:ArchiveCat >-----------------------
[INFO] Building ArchiveCat 1.0-SNAPSHOT
[INFO] --------------------------------[ jar ]---------------------------------
[INFO] 
[INFO] --- maven-resources-plugin:2.6:resources (default-resources) @ ArchiveCat ---
[WARNING] Using platform encoding (UTF-8 actually) to copy filtered resources, i.e. build is platform dependent!
[INFO] Copying 4 resources
[INFO] 
[INFO] --- maven-compiler-plugin:3.6.1:compile (default-compile) @ ArchiveCat ---
[INFO] Changes detected - recompiling the module!
[WARNING] File encoding has not been set, using platform encoding UTF-8, i.e. build is platform dependent!
[INFO] Compiling 13 source files to /home/carson/Projects/msu/csci-366-fall2021/grading/scripts/repos/noah_cunningham/cloud/target/classes
[INFO] -------------------------------------------------------------
[ERROR] COMPILATION ERROR : 
[INFO] -------------------------------------------------------------
[ERROR] /home/carson/Projects/msu/csci-366-fall2021/grading/scripts/repos/noah_cunningham/cloud/src/main/java/edu/montana/csci/csci366/archivecat/archiver/Archive.java:[56,5] missing return statement
[ERROR] /home/carson/Projects/msu/csci-366-fall2021/grading/scripts/repos/noah_cunningham/cloud/src/main/java/edu/montana/csci/csci366/archivecat/archiver/Archive.java:[60,5] missing return statement
[ERROR] /home/carson/Projects/msu/csci-366-fall2021/grading/scripts/repos/noah_cunningham/cloud/src/main/java/edu/montana/csci/csci366/archivecat/archiver/Archiver.java:[47,34] cannot find symbol
  symbol:   variable downloadJobs
  location: class edu.montana.csci.csci366.archivecat.archiver.Archiver
[ERROR] /home/carson/Projects/msu/csci-366-fall2021/grading/scripts/repos/noah_cunningham/cloud/src/main/java/edu/montana/csci/csci366/archivecat/archiver/Archiver.java:[50,32] cannot find symbol
  symbol:   variable downloadJobs
  location: class edu.montana.csci.csci366.archivecat.archiver.Archiver
[INFO] 4 errors 
[INFO] -------------------------------------------------------------
[INFO] ------------------------------------------------------------------------
[INFO] BUILD FAILURE
[INFO] ------------------------------------------------------------------------
[INFO] Total time:  1.379 s
[INFO] Finished at: 2021-12-13T13:45:23-07:00
[INFO] ------------------------------------------------------------------------
[ERROR] Failed to execute goal org.apache.maven.plugins:maven-compiler-plugin:3.6.1:compile (default-compile) on project ArchiveCat: Compilation failure: Compilation failure: 
[ERROR] /home/carson/Projects/msu/csci-366-fall2021/grading/scripts/repos/noah_cunningham/cloud/src/main/java/edu/montana/csci/csci366/archivecat/archiver/Archive.java:[56,5] missing return statement
[ERROR] /home/carson/Projects/msu/csci-366-fall2021/grading/scripts/repos/noah_cunningham/cloud/src/main/java/edu/montana/csci/csci366/archivecat/archiver/Archive.java:[60,5] missing return statement
[ERROR] /home/carson/Projects/msu/csci-366-fall2021/grading/scripts/repos/noah_cunningham/cloud/src/main/java/edu/montana/csci/csci366/archivecat/archiver/Archiver.java:[47,34] cannot find symbol
[ERROR]   symbol:   variable downloadJobs
[ERROR]   location: class edu.montana.csci.csci366.archivecat.archiver.Archiver
[ERROR] /home/carson/Projects/msu/csci-366-fall2021/grading/scripts/repos/noah_cunningham/cloud/src/main/java/edu/montana/csci/csci366/archivecat/archiver/Archiver.java:[50,32] cannot find symbol
[ERROR]   symbol:   variable downloadJobs
[ERROR]   location: class edu.montana.csci.csci366.archivecat.archiver.Archiver
[ERROR] -> [Help 1]
[ERROR] 
[ERROR] To see the full stack trace of the errors, re-run Maven with the -e switch.
[ERROR] Re-run Maven using the -X switch to enable full debug logging.
[ERROR] 
[ERROR] For more information about the errors and possible solutions, please read the following articles:
[ERROR] [Help 1] http://cwiki.apache.org/confluence/display/MAVEN/MojoFailureException
